{"level":"info","message":"::1 - - [15/Nov/2022:19:02:58 +0000] \"GET /genre HTTP/1.1\" 500 69 \"-\" \"PostmanRuntime/7.29.2\"\n","timestamp":"2022-11-15T19:02:58.189Z"}
{"level":"info","message":"::1 - - [15/Nov/2022:19:03:38 +0000] \"GET /genre HTTP/1.1\" 500 54 \"-\" \"PostmanRuntime/7.29.2\"\n","timestamp":"2022-11-15T19:03:38.208Z"}
{"level":"info","message":"::1 - - [15/Nov/2022:19:05:31 +0000] \"GET /genre HTTP/1.1\" 200 1144 \"-\" \"PostmanRuntime/7.29.2\"\n","timestamp":"2022-11-15T19:05:31.003Z"}
{"level":"info","message":"::1 - - [15/Nov/2022:19:07:58 +0000] \"GET /genre/2 HTTP/1.1\" 200 105 \"-\" \"PostmanRuntime/7.29.2\"\n","timestamp":"2022-11-15T19:07:58.038Z"}
{"level":"info","message":"::1 - - [15/Nov/2022:19:12:16 +0000] \"GET /genre/2 HTTP/1.1\" 200 105 \"-\" \"PostmanRuntime/7.29.2\"\n","timestamp":"2022-11-15T19:12:16.291Z"}
{"level":"info","message":"::1 - - [15/Nov/2022:19:12:21 +0000] \"GET /genre HTTP/1.1\" 200 1144 \"-\" \"PostmanRuntime/7.29.2\"\n","timestamp":"2022-11-15T19:12:21.057Z"}
{"level":"info","message":"::1 - - [18/Nov/2022:19:48:41 +0000] \"GET /login HTTP/1.1\" 404 144 \"-\" \"PostmanRuntime/7.29.2\"\n","timestamp":"2022-11-18T19:48:41.806Z"}
{"level":"info","message":"::1 - - [18/Nov/2022:19:48:47 +0000] \"POST /login HTTP/1.1\" 404 145 \"-\" \"PostmanRuntime/7.29.2\"\n","timestamp":"2022-11-18T19:48:47.005Z"}
{"level":"info","message":"::1 - - [18/Nov/2022:19:48:57 +0000] \"POST /user/login HTTP/1.1\" 404 150 \"-\" \"PostmanRuntime/7.29.2\"\n","timestamp":"2022-11-18T19:48:57.356Z"}
{"level":"info","message":"::1 - - [18/Nov/2022:19:50:14 +0000] \"POST /user/login HTTP/1.1\" 200 2 \"-\" \"PostmanRuntime/7.29.2\"\n","timestamp":"2022-11-18T19:50:14.480Z"}
{"level":"info","message":"::1 - - [18/Nov/2022:19:51:09 +0000] \"POST /user/login HTTP/1.1\" 200 52 \"-\" \"PostmanRuntime/7.29.2\"\n","timestamp":"2022-11-18T19:51:09.705Z"}
{"level":"info","message":"::1 - - [18/Nov/2022:19:52:37 +0000] \"POST /user/login HTTP/1.1\" 500 33 \"-\" \"PostmanRuntime/7.29.2\"\n","timestamp":"2022-11-18T19:52:37.740Z"}
{"level":"info","message":"::1 - - [18/Nov/2022:19:53:41 +0000] \"POST /user/login HTTP/1.1\" 200 52 \"-\" \"PostmanRuntime/7.29.2\"\n","timestamp":"2022-11-18T19:53:41.119Z"}
{"level":"info","message":"::1 - - [18/Nov/2022:19:54:05 +0000] \"POST /user/login HTTP/1.1\" 200 47 \"-\" \"PostmanRuntime/7.29.2\"\n","timestamp":"2022-11-18T19:54:05.985Z"}
{"level":"info","message":"::1 - - [18/Nov/2022:19:54:09 +0000] \"POST /user/login HTTP/1.1\" 200 47 \"-\" \"PostmanRuntime/7.29.2\"\n","timestamp":"2022-11-18T19:54:09.722Z"}
{"level":"info","message":"::1 - - [18/Nov/2022:19:55:15 +0000] \"POST /user/login HTTP/1.1\" 200 47 \"-\" \"PostmanRuntime/7.29.2\"\n","timestamp":"2022-11-18T19:55:15.761Z"}
{"level":"info","message":"::1 - - [18/Nov/2022:19:55:24 +0000] \"POST /user/login HTTP/1.1\" 200 47 \"-\" \"PostmanRuntime/7.29.2\"\n","timestamp":"2022-11-18T19:55:24.635Z"}
{"level":"info","message":"::1 - - [18/Nov/2022:19:55:38 +0000] \"POST /user/login HTTP/1.1\" 200 47 \"-\" \"PostmanRuntime/7.29.2\"\n","timestamp":"2022-11-18T19:55:38.074Z"}
{"level":"info","message":"::1 - - [18/Nov/2022:19:55:45 +0000] \"POST /user/login HTTP/1.1\" 200 47 \"-\" \"PostmanRuntime/7.29.2\"\n","timestamp":"2022-11-18T19:55:45.620Z"}
{"level":"info","message":"::1 - - [18/Nov/2022:19:55:55 +0000] \"POST /user/login HTTP/1.1\" 500 55 \"-\" \"PostmanRuntime/7.29.2\"\n","timestamp":"2022-11-18T19:55:55.855Z"}
{"level":"info","message":"::1 - - [18/Nov/2022:19:56:26 +0000] \"POST /user/login HTTP/1.1\" 200 52 \"-\" \"PostmanRuntime/7.29.2\"\n","timestamp":"2022-11-18T19:56:26.303Z"}
{"level":"info","message":"::1 - - [18/Nov/2022:19:56:57 +0000] \"POST /user/login HTTP/1.1\" 200 52 \"-\" \"PostmanRuntime/7.29.2\"\n","timestamp":"2022-11-18T19:56:57.628Z"}
{"level":"info","message":"::1 - - [18/Nov/2022:19:57:01 +0000] \"POST /user/login HTTP/1.1\" 500 55 \"-\" \"PostmanRuntime/7.29.2\"\n","timestamp":"2022-11-18T19:57:01.752Z"}
{"level":"info","message":"::1 - - [18/Nov/2022:19:59:00 +0000] \"POST /user/login HTTP/1.1\" 200 224 \"-\" \"PostmanRuntime/7.29.2\"\n","timestamp":"2022-11-18T19:59:00.954Z"}
{"level":"info","message":"::1 - - [18/Nov/2022:20:13:09 +0000] \"POST /userorders/movie HTTP/1.1\" 500 68 \"-\" \"PostmanRuntime/7.29.2\"\n","timestamp":"2022-11-18T20:13:09.495Z"}
{"level":"info","message":"::1 - - [18/Nov/2022:20:13:59 +0000] \"POST /userorders/movie HTTP/1.1\" 500 36 \"-\" \"PostmanRuntime/7.29.2\"\n","timestamp":"2022-11-18T20:13:59.742Z"}
{"level":"info","message":"::1 - - [18/Nov/2022:20:16:00 +0000] \"POST /userorders/movie HTTP/1.1\" 200 8 \"-\" \"PostmanRuntime/7.29.2\"\n","timestamp":"2022-11-18T20:16:00.490Z"}
{"level":"info","message":"::1 - - [18/Nov/2022:20:16:29 +0000] \"POST /userorders/movie HTTP/1.1\" 200 8 \"-\" \"PostmanRuntime/7.29.2\"\n","timestamp":"2022-11-18T20:16:29.078Z"}
{"level":"info","message":"::1 - - [18/Nov/2022:20:17:21 +0000] \"POST /userorders/serie HTTP/1.1\" 200 8 \"-\" \"PostmanRuntime/7.29.2\"\n","timestamp":"2022-11-18T20:17:21.531Z"}
